<?xml version="1.0" encoding="UTF-8"?>
<!-- Generated by org.testng.reporters.JUnitReportReporter -->
<testsuite hostname="LAINPU1502-0194" failures="0" tests="2" name="TestFramework.basics8" time="0.000" errors="0" timestamp="24 Sep 2019 12:59:41 GMT" skipped="2">
  <testcase classname="TestFramework.basics8" name="JiraAPICreateComment" time="0.000">
    <skipped/>
  </testcase> <!-- JiraAPICreateComment -->
  <testcase classname="TestFramework.basics8" name="JiraAPIUpdate" time="0.000">
    <skipped/>
  </testcase> <!-- JiraAPIUpdate -->
</testsuite> <!-- TestFramework.basics8 -->
