<?xml version="1.0" encoding="UTF-8"?>
<!-- Generated by org.testng.reporters.JUnitReportReporter -->
<testsuite hostname="LAINPU1502-0194" failures="0" tests="1" name="TestFramework.basics" time="3.603" errors="0" timestamp="24 Sep 2019 13:09:08 GMT" skipped="0">
  <testcase classname="TestFramework.basics" name="getPlaceAPI" time="3.603"/>
</testsuite> <!-- TestFramework.basics -->
