<?xml version="1.0" encoding="UTF-8"?>
<!-- Generated by org.testng.reporters.JUnitReportReporter -->
<testsuite skipped="0" hostname="LAINPU1502-0099" name="TestFramework.basics5" tests="1" failures="0" timestamp="25 Sep 2019 13:50:44 GMT" time="4.155" errors="0">
  <testcase name="extractingNamesAPI" time="4.155" classname="TestFramework.basics5"/>
</testsuite> <!-- TestFramework.basics5 -->
