<?xml version="1.0" encoding="UTF-8"?>
<!-- Generated by org.testng.reporters.JUnitReportReporter -->
<testsuite hostname="LAINPU1502-0194" failures="0" tests="1" name="TestFramework.Basic" time="147.135" errors="0" timestamp="24 Sep 2019 13:18:34 GMT" skipped="0">
  <testcase classname="TestFramework.Basic" name="Test" time="147.135"/>
</testsuite> <!-- TestFramework.Basic -->
