<?xml version="1.0" encoding="UTF-8"?>
<!-- Generated by org.testng.reporters.JUnitReportReporter -->
<testsuite hostname="LAINPU1502-0194" failures="0" tests="1" name="TestFramework.basics6" time="0.000" errors="0" timestamp="24 Sep 2019 12:59:41 GMT" skipped="1">
  <testcase classname="TestFramework.basics6" name="JiraAPICreateIssue" time="0.000">
    <skipped/>
  </testcase> <!-- JiraAPICreateIssue -->
</testsuite> <!-- TestFramework.basics6 -->
